<?xml version="1.0" encoding="UTF-8"?>
<!-- Generated by org.testng.reporters.JUnitXMLReporter -->
<testsuite ignored="10" hostname="LAPTOP-8NCIJN2T" failures="0" tests="6" name="Test" time="275.026" errors="0" timestamp="2021-12-05T15:27:20 IST">
  <testcase classname="com.crm.SDET25.opportunities.pom.AdvanceSearchNoneTest" name="searchWithDropdownRelatedToandSecondDropdownNoneTest" time="186.676"/>
  <testcase classname="com.crm.SDET25.opportunities.pom.AdvanceSearchStartsWith" name="searchWithDropdownRelatedToandSecondDropdownStartsWith" time="209.271"/>
  <testcase classname="com.crm.SDET25.opportunities.pom.AdvanceSearchEndsWithTest" name="searchWithDropdownRelatedToandSecondDropdownEndsWithTest" time="213.554"/>
  <testcase classname="com.crm.SDET25.opportunities.pom.AdvanceSearchDoesNotContainsTest" name="searchWithDropdownRelatedToandSecondDropdownDoesNotContainsTest" time="189.232"/>
  <testcase classname="com.crm.SDET25.opportunities.pom.AdvanceSearchNotEqualToTest" name="searchWithDropdownRelatedToandSecondDropdownNotEqualToTest" time="208.146"/>
  <testcase classname="com.crm.SDET25.opportunities.pom.AdvanceSearchContainsTest" name="searchWithDropdownRelatedToandSecondDropdownContainsTest" time="220.315"/>
  <testcase classname="com.crm.SDET25.Genericutils.BaseClass" name="@BeforeSuite bsConfig" time="0.0">
    <ignored/>
  </testcase> <!-- @BeforeSuite bsConfig -->
  <testcase classname="com.crm.SDET25.Genericutils.BaseClass" name="@BeforeSuite bsConfig" time="0.0">
    <ignored/>
  </testcase> <!-- @BeforeSuite bsConfig -->
  <testcase classname="com.crm.SDET25.Genericutils.BaseClass" name="@BeforeSuite bsConfig" time="0.0">
    <ignored/>
  </testcase> <!-- @BeforeSuite bsConfig -->
  <testcase classname="com.crm.SDET25.Genericutils.BaseClass" name="@BeforeSuite bsConfig" time="0.0">
    <ignored/>
  </testcase> <!-- @BeforeSuite bsConfig -->
  <testcase classname="com.crm.SDET25.Genericutils.BaseClass" name="@BeforeSuite bsConfig" time="0.0">
    <ignored/>
  </testcase> <!-- @BeforeSuite bsConfig -->
  <testcase classname="com.crm.SDET25.Genericutils.BaseClass" name="@AfterSuite asConfig" time="0.0">
    <ignored/>
  </testcase> <!-- @AfterSuite asConfig -->
  <testcase classname="com.crm.SDET25.Genericutils.BaseClass" name="@AfterSuite asConfig" time="0.0">
    <ignored/>
  </testcase> <!-- @AfterSuite asConfig -->
  <testcase classname="com.crm.SDET25.Genericutils.BaseClass" name="@AfterSuite asConfig" time="0.0">
    <ignored/>
  </testcase> <!-- @AfterSuite asConfig -->
  <testcase classname="com.crm.SDET25.Genericutils.BaseClass" name="@AfterSuite asConfig" time="0.0">
    <ignored/>
  </testcase> <!-- @AfterSuite asConfig -->
  <testcase classname="com.crm.SDET25.Genericutils.BaseClass" name="@AfterSuite asConfig" time="0.0">
    <ignored/>
  </testcase> <!-- @AfterSuite asConfig -->
</testsuite> <!-- Test -->
